<?xml version="1.0" encoding="UTF-8"?>
<testng-results ignored="0" total="1" passed="1" failed="0" skipped="0">
  <reporter-output>
  </reporter-output>
  <suite started-at="2021-02-04T14:11:53 PST" name="Default suite" finished-at="2021-02-04T14:12:31 PST" duration-ms="37572">
    <groups>
    </groups>
    <test started-at="2021-02-04T14:11:53 PST" name="Default test" finished-at="2021-02-04T14:12:31 PST" duration-ms="37572">
      <class name="tests.SearchTest">
        <test-method is-config="true" signature="startDriver()[pri:0, instance:tests.SearchTest@53aad5d5]" started-at="2021-02-04T14:11:43 PST" name="startDriver" finished-at="2021-02-04T14:11:53 PST" duration-ms="9870" status="PASS">
          <reporter-output>
          </reporter-output>
        </test-method> <!-- startDriver -->
        <test-method signature="UserCanSearchForProducts()[pri:0, instance:tests.SearchTest@53aad5d5]" started-at="2021-02-04T14:11:53 PST" name="UserCanSearchForProducts" finished-at="2021-02-04T14:12:31 PST" duration-ms="37528" status="PASS">
          <reporter-output>
          </reporter-output>
        </test-method> <!-- UserCanSearchForProducts -->
        <test-method is-config="true" signature="stopDriver()[pri:0, instance:tests.SearchTest@53aad5d5]" started-at="2021-02-04T14:12:31 PST" name="stopDriver" finished-at="2021-02-04T14:12:32 PST" duration-ms="1489" status="PASS">
          <reporter-output>
          </reporter-output>
        </test-method> <!-- stopDriver -->
      </class> <!-- tests.SearchTest -->
    </test> <!-- Default test -->
  </suite> <!-- Default suite -->
</testng-results>
